May 13, 2016 12:47:31 PM a.Raport salveazaIstoric
INFO: Nume turist:Surdu
May 13, 2016 12:47:31 PM a.Raport salveazaIstoric
INFO: Prenume turist:Marian
May 13, 2016 12:47:31 PM a.Raport salveazaIstoric
INFO: Varsta turist:22
May 13, 2016 12:47:31 PM a.Raport salveazaIstoric
INFO: CNP:1940203146252
May 13, 2016 12:47:31 PM a.Raport salveazaIstoric
INFO: Instructor:Ski Instructor 27
May 13, 2016 12:47:31 PM a.Raport salveazaIstoric
INFO: CodInstructor:instr001
May 13, 2016 12:47:31 PM a.Raport salveazaIstoric
INFO: Date Acces
May 13, 2016 12:47:31 PM a.Raport salveazaIstoric
INFO: Cod Cartela:cartela001
May 13, 2016 12:47:31 PM a.Raport salveazaIstoric
INFO: Pret Cartela:30
May 13, 2016 12:47:31 PM a.Raport salveazaIstoric
INFO: CodTurist:client001
May 13, 2016 12:47:31 PM a.Raport salveazaIstoric
INFO: Transport:Telescaun
May 13, 2016 12:47:31 PM a.Raport salveazaIstoric
INFO: Traseu turist:a.Traseu@1540e19d
May 13, 2016 12:47:31 PM a.Raport salveazaIstoric
INFO: Distanta parcursa de turist:570.01m
